<?xml version="1.0" encoding="UTF-8"?>
<testsuite name="com.ironlog.shared.store.SharedStateStoreTest" tests="2" skipped="0" failures="0" errors="0" timestamp="2026-09-15T08:05:29.532Z" hostname="mmba.tail6ae155.ts.net" time="0.204">
  <properties/>
  <testcase name="individualTargetsRoundTripAndPartialFinishPreservesOpenSlots" classname="com.ironlog.shared.store.SharedStateStoreTest" time="0.198"/>
  <testcase name="individualTargetsRejectStalePlanAndActiveSession" classname="com.ironlog.shared.store.SharedStateStoreTest" time="0.005"/>
  <system-out><![CDATA[]]></system-out>
  <system-err><![CDATA[]]></system-err>
</testsuite>
