<?xml version="1.0" encoding="UTF-8"?>
<testsuite name="com.ironlog.shared.plans.PlannedSetsTest" tests="2" skipped="0" failures="0" errors="0" timestamp="2026-09-15T08:05:29.422Z" hostname="mmba.tail6ae155.ts.net" time="0.053">
  <properties/>
  <testcase name="warmupsAndExtrasCannotFillWorkingSlots" classname="com.ironlog.shared.plans.PlannedSetsTest" time="0.043"/>
  <testcase name="invalidValuesAndWarmupOnlyAreRejected" classname="com.ironlog.shared.plans.PlannedSetsTest" time="0.01"/>
  <system-out><![CDATA[]]></system-out>
  <system-err><![CDATA[]]></system-err>
</testsuite>
